<?xml version="1.0" encoding="UTF-8"?>
<testng-results skipped="0" failed="1" ignored="0" total="12" passed="11">
  <reporter-output>
  </reporter-output>
  <suite name="Default suite" duration-ms="80573" started-at="2017-12-18T06:40:10Z" finished-at="2017-12-18T06:41:30Z">
    <groups>
    </groups>
    <test name="Default test" duration-ms="80573" started-at="2017-12-18T06:40:10Z" finished-at="2017-12-18T06:41:30Z">
      <class name="lazadaTest.LazadaTest_Login">
        <test-method status="PASS" signature="initTest()[pri:0, instance:lazadaTest.LazadaTest_Login@5ed828d]" name="initTest" is-config="true" duration-ms="5629" started-at="2017-12-18T13:40:10Z" finished-at="2017-12-18T13:40:15Z">
          <reporter-output>
          </reporter-output>
        </test-method> <!-- initTest -->
        <test-method status="PASS" signature="initMethod()[pri:0, instance:lazadaTest.LazadaTest_Login@5ed828d]" name="initMethod" is-config="true" duration-ms="19562" started-at="2017-12-18T13:40:20Z" finished-at="2017-12-18T13:40:40Z">
          <reporter-output>
          </reporter-output>
        </test-method> <!-- initMethod -->
        <test-method status="PASS" signature="checkLinks(java.lang.String, java.lang.String, java.lang.String, java.lang.String)[pri:1, instance:lazadaTest.LazadaTest_Login@5ed828d]" name="checkLinks" duration-ms="5422" started-at="2017-12-18T13:40:40Z" data-provider="data" finished-at="2017-12-18T13:40:45Z">
          <params>
            <param index="0">
              <value>
                <![CDATA[ĐN_06]]>
              </value>
            </param>
            <param index="1">
              <value>
                <![CDATA[Quên mật khẩu?]]>
              </value>
            </param>
            <param index="2">
              <value>
                <![CDATA[Lazada - Forgot password?]]>
              </value>
            </param>
            <param index="3">
              <value>
                <![CDATA[Pass]]>
              </value>
            </param>
          </params>
          <reporter-output>
          </reporter-output>
        </test-method> <!-- checkLinks -->
        <test-method status="PASS" signature="initMethod()[pri:0, instance:lazadaTest.LazadaTest_Login@5ed828d]" name="initMethod" is-config="true" duration-ms="1005" started-at="2017-12-18T13:40:45Z" finished-at="2017-12-18T13:40:46Z">
          <reporter-output>
          </reporter-output>
        </test-method> <!-- initMethod -->
        <test-method status="FAIL" signature="checkLinks(java.lang.String, java.lang.String, java.lang.String, java.lang.String)[pri:1, instance:lazadaTest.LazadaTest_Login@5ed828d]" name="checkLinks" duration-ms="5620" started-at="2017-12-18T13:40:46Z" data-provider="data" finished-at="2017-12-18T13:40:52Z">
          <params>
            <param index="0">
              <value>
                <![CDATA[ĐN_07]]>
              </value>
            </param>
            <param index="1">
              <value>
                <![CDATA[Đăng kí ngay]]>
              </value>
            </param>
            <param index="2">
              <value>
                <![CDATA[Lazada - Create new customer account]]>
              </value>
            </param>
            <param index="3">
              <value>
                <![CDATA[Pass]]>
              </value>
            </param>
          </params>
          <exception class="org.openqa.selenium.NoSuchElementException">
            <message>
              <![CDATA[no such element: Unable to locate element: {"method":"link text","selector":"Đăng kí ngay"}  (Session info: chrome=63.0.3239.108)  (Driver info: chromedriver=2.33.506120 (e3e53437346286c0bc2d2dc9aa4915ba81d9023f),platform=Windows NT 10.0.16299 x86_64) (WARNING: The server did not provide any stacktrace information)Command duration or timeout: 0 millisecondsFor documentation on this error, please visit: http://seleniumhq.org/exceptions/no_such_element.htmlBuild info: version: 'unknown', revision: 'unknown', time: 'unknown'System info: host: 'HP', ip: '192.168.0.106', os.name: 'Windows 10', os.arch: 'amd64', os.version: '10.0', java.version: '1.8.0_131'Driver info: org.openqa.selenium.chrome.ChromeDriverCapabilities [{mobileEmulationEnabled=false, hasTouchScreen=false, platform=XP, acceptSslCerts=true, webStorageEnabled=true, browserName=chrome, takesScreenshot=true, javascriptEnabled=true, platformName=XP, setWindowRect=true, unexpectedAlertBehaviour=, applicationCacheEnabled=false, rotatable=false, networkConnectionEnabled=false, chrome={chromedriverVersion=2.33.506120 (e3e53437346286c0bc2d2dc9aa4915ba81d9023f), userDataDir=C:\Users\thuyd\AppData\Local\Temp\scoped_dir8544_26687}, takesHeapSnapshot=true, pageLoadStrategy=normal, unhandledPromptBehavior=, databaseEnabled=false, handlesAlerts=true, version=63.0.3239.108, browserConnectionEnabled=false, nativeEvents=true, locationContextEnabled=true, cssSelectorsEnabled=true}]Session ID: 80b6173b7cdb85cc79ced25ffe34da8c*** Element info: {Using=link text, value=Đăng kí ngay}]]>
            </message>
            <full-stacktrace>
              <![CDATA[org.openqa.selenium.NoSuchElementException: no such element: Unable to locate element: {"method":"link text","selector":"Đăng kí ngay"}  (Session info: chrome=63.0.3239.108)  (Driver info: chromedriver=2.33.506120 (e3e53437346286c0bc2d2dc9aa4915ba81d9023f),platform=Windows NT 10.0.16299 x86_64) (WARNING: The server did not provide any stacktrace information)Command duration or timeout: 0 millisecondsFor documentation on this error, please visit: http://seleniumhq.org/exceptions/no_such_element.htmlBuild info: version: 'unknown', revision: 'unknown', time: 'unknown'System info: host: 'HP', ip: '192.168.0.106', os.name: 'Windows 10', os.arch: 'amd64', os.version: '10.0', java.version: '1.8.0_131'Driver info: org.openqa.selenium.chrome.ChromeDriverCapabilities [{mobileEmulationEnabled=false, hasTouchScreen=false, platform=XP, acceptSslCerts=true, webStorageEnabled=true, browserName=chrome, takesScreenshot=true, javascriptEnabled=true, platformName=XP, setWindowRect=true, unexpectedAlertBehaviour=, applicationCacheEnabled=false, rotatable=false, networkConnectionEnabled=false, chrome={chromedriverVersion=2.33.506120 (e3e53437346286c0bc2d2dc9aa4915ba81d9023f), userDataDir=C:\Users\thuyd\AppData\Local\Temp\scoped_dir8544_26687}, takesHeapSnapshot=true, pageLoadStrategy=normal, unhandledPromptBehavior=, databaseEnabled=false, handlesAlerts=true, version=63.0.3239.108, browserConnectionEnabled=false, nativeEvents=true, locationContextEnabled=true, cssSelectorsEnabled=true}]Session ID: 80b6173b7cdb85cc79ced25ffe34da8c*** Element info: {Using=link text, value=Đăng kí ngay}at sun.reflect.NativeConstructorAccessorImpl.newInstance0(Native Method)at sun.reflect.NativeConstructorAccessorImpl.newInstance(Unknown Source)at sun.reflect.DelegatingConstructorAccessorImpl.newInstance(Unknown Source)at java.lang.reflect.Constructor.newInstance(Unknown Source)at org.openqa.selenium.remote.ErrorHandler.createThrowable(ErrorHandler.java:215)at org.openqa.selenium.remote.ErrorHandler.throwIfResponseFailed(ErrorHandler.java:167)at org.openqa.selenium.remote.http.JsonHttpResponseCodec.reconstructValue(JsonHttpResponseCodec.java:40)at org.openqa.selenium.remote.http.AbstractHttpResponseCodec.decode(AbstractHttpResponseCodec.java:82)at org.openqa.selenium.remote.http.AbstractHttpResponseCodec.decode(AbstractHttpResponseCodec.java:45)at org.openqa.selenium.remote.HttpCommandExecutor.execute(HttpCommandExecutor.java:164)at org.openqa.selenium.remote.service.DriverCommandExecutor.execute(DriverCommandExecutor.java:82)at org.openqa.selenium.remote.RemoteWebDriver.execute(RemoteWebDriver.java:646)at org.openqa.selenium.remote.RemoteWebDriver.findElement(RemoteWebDriver.java:416)at org.openqa.selenium.remote.RemoteWebDriver.findElementByLinkText(RemoteWebDriver.java:470)at org.openqa.selenium.By$ByLinkText.findElement(By.java:246)at org.openqa.selenium.remote.RemoteWebDriver.findElement(RemoteWebDriver.java:408)at lazadaPage.LazadaPage_Login.checkLink(LazadaPage_Login.java:63)at lazadaTest.LazadaTest_Login.checkLinks(LazadaTest_Login.java:61)at sun.reflect.NativeMethodAccessorImpl.invoke0(Native Method)at sun.reflect.NativeMethodAccessorImpl.invoke(Unknown Source)at sun.reflect.DelegatingMethodAccessorImpl.invoke(Unknown Source)at java.lang.reflect.Method.invoke(Unknown Source)at org.testng.internal.MethodInvocationHelper.invokeMethod(MethodInvocationHelper.java:124)at org.testng.internal.Invoker.invokeMethod(Invoker.java:571)at org.testng.internal.Invoker.invokeTestMethod(Invoker.java:707)at org.testng.internal.Invoker.invokeTestMethods(Invoker.java:979)at org.testng.internal.TestMethodWorker.invokeTestMethods(TestMethodWorker.java:125)at org.testng.internal.TestMethodWorker.run(TestMethodWorker.java:109)at org.testng.TestRunner.privateRun(TestRunner.java:648)at org.testng.TestRunner.run(TestRunner.java:505)at org.testng.SuiteRunner.runTest(SuiteRunner.java:455)at org.testng.SuiteRunner.runSequentially(SuiteRunner.java:450)at org.testng.SuiteRunner.privateRun(SuiteRunner.java:415)at org.testng.SuiteRunner.run(SuiteRunner.java:364)at org.testng.SuiteRunnerWorker.runSuite(SuiteRunnerWorker.java:52)at org.testng.SuiteRunnerWorker.run(SuiteRunnerWorker.java:84)at org.testng.TestNG.runSuitesSequentially(TestNG.java:1187)at org.testng.TestNG.runSuitesLocally(TestNG.java:1116)at org.testng.TestNG.runSuites(TestNG.java:1028)at org.testng.TestNG.run(TestNG.java:996)at org.testng.remote.AbstractRemoteTestNG.run(AbstractRemoteTestNG.java:114)at org.testng.remote.RemoteTestNG.initAndRun(RemoteTestNG.java:251)at org.testng.remote.RemoteTestNG.main(RemoteTestNG.java:77)]]>
            </full-stacktrace>
          </exception> <!-- org.openqa.selenium.NoSuchElementException -->
          <reporter-output>
          </reporter-output>
        </test-method> <!-- checkLinks -->
        <test-method status="PASS" signature="initMethod()[pri:0, instance:lazadaTest.LazadaTest_Login@5ed828d]" name="initMethod" is-config="true" duration-ms="1299" started-at="2017-12-18T13:40:52Z" finished-at="2017-12-18T13:40:53Z">
          <reporter-output>
          </reporter-output>
        </test-method> <!-- initMethod -->
        <test-method status="PASS" signature="loginForm(java.lang.String, java.lang.String, java.lang.String, java.lang.String, java.lang.String, java.lang.String, java.lang.String)[pri:2, instance:lazadaTest.LazadaTest_Login@5ed828d]" name="loginForm" duration-ms="3051" started-at="2017-12-18T13:40:53Z" data-provider="data" finished-at="2017-12-18T13:40:56Z">
          <params>
            <param index="0">
              <value>
                <![CDATA[ĐN_08]]>
              </value>
            </param>
            <param index="1">
              <value>
                <![CDATA[    ]]>
              </value>
            </param>
            <param index="2">
              <value>
                <![CDATA[Thông tin bắt buộc]]>
              </value>
            </param>
            <param index="3">
              <value>
                <![CDATA[   ]]>
              </value>
            </param>
            <param index="4">
              <value>
                <![CDATA[Thông tin bắt buộc]]>
              </value>
            </param>
            <param index="5">
              <value>
                <![CDATA[Lazada - Login]]>
              </value>
            </param>
            <param index="6">
              <value>
                <![CDATA[Pass]]>
              </value>
            </param>
          </params>
          <reporter-output>
          </reporter-output>
        </test-method> <!-- loginForm -->
        <test-method status="PASS" signature="initMethod()[pri:0, instance:lazadaTest.LazadaTest_Login@5ed828d]" name="initMethod" is-config="true" duration-ms="929" started-at="2017-12-18T13:40:56Z" finished-at="2017-12-18T13:40:57Z">
          <reporter-output>
          </reporter-output>
        </test-method> <!-- initMethod -->
        <test-method status="PASS" signature="loginForm(java.lang.String, java.lang.String, java.lang.String, java.lang.String, java.lang.String, java.lang.String, java.lang.String)[pri:2, instance:lazadaTest.LazadaTest_Login@5ed828d]" name="loginForm" duration-ms="3450" started-at="2017-12-18T13:40:57Z" data-provider="data" finished-at="2017-12-18T13:41:01Z">
          <params>
            <param index="0">
              <value>
                <![CDATA[ĐN_09]]>
              </value>
            </param>
            <param index="1">
              <value>
                <![CDATA[test.duongntt@gmail.com]]>
              </value>
            </param>
            <param index="2">
              <value>
                <![CDATA[]]>
              </value>
            </param>
            <param index="3">
              <value>
                <![CDATA[]]>
              </value>
            </param>
            <param index="4">
              <value>
                <![CDATA[Thông tin bắt buộc]]>
              </value>
            </param>
            <param index="5">
              <value>
                <![CDATA[Lazada - Login]]>
              </value>
            </param>
            <param index="6">
              <value>
                <![CDATA[Pass]]>
              </value>
            </param>
          </params>
          <reporter-output>
          </reporter-output>
        </test-method> <!-- loginForm -->
        <test-method status="PASS" signature="initMethod()[pri:0, instance:lazadaTest.LazadaTest_Login@5ed828d]" name="initMethod" is-config="true" duration-ms="946" started-at="2017-12-18T13:41:01Z" finished-at="2017-12-18T13:41:01Z">
          <reporter-output>
          </reporter-output>
        </test-method> <!-- initMethod -->
        <test-method status="PASS" signature="loginForm(java.lang.String, java.lang.String, java.lang.String, java.lang.String, java.lang.String, java.lang.String, java.lang.String)[pri:2, instance:lazadaTest.LazadaTest_Login@5ed828d]" name="loginForm" duration-ms="2379" started-at="2017-12-18T13:41:01Z" data-provider="data" finished-at="2017-12-18T13:41:04Z">
          <params>
            <param index="0">
              <value>
                <![CDATA[ĐN_10]]>
              </value>
            </param>
            <param index="1">
              <value>
                <![CDATA[]]>
              </value>
            </param>
            <param index="2">
              <value>
                <![CDATA[Thông tin bắt buộc]]>
              </value>
            </param>
            <param index="3">
              <value>
                <![CDATA[Test#123456]]>
              </value>
            </param>
            <param index="4">
              <value>
                <![CDATA[]]>
              </value>
            </param>
            <param index="5">
              <value>
                <![CDATA[Lazada - Login]]>
              </value>
            </param>
            <param index="6">
              <value>
                <![CDATA[Pass]]>
              </value>
            </param>
          </params>
          <reporter-output>
          </reporter-output>
        </test-method> <!-- loginForm -->
        <test-method status="PASS" signature="initMethod()[pri:0, instance:lazadaTest.LazadaTest_Login@5ed828d]" name="initMethod" is-config="true" duration-ms="890" started-at="2017-12-18T13:41:04Z" finished-at="2017-12-18T13:41:05Z">
          <reporter-output>
          </reporter-output>
        </test-method> <!-- initMethod -->
        <test-method status="PASS" signature="loginForm(java.lang.String, java.lang.String, java.lang.String, java.lang.String, java.lang.String, java.lang.String, java.lang.String)[pri:2, instance:lazadaTest.LazadaTest_Login@5ed828d]" name="loginForm" duration-ms="2470" started-at="2017-12-18T13:41:05Z" data-provider="data" finished-at="2017-12-18T13:41:07Z">
          <params>
            <param index="0">
              <value>
                <![CDATA[ĐN_11]]>
              </value>
            </param>
            <param index="1">
              <value>
                <![CDATA[test.duongntt@hotmail.com]]>
              </value>
            </param>
            <param index="2">
              <value>
                <![CDATA[]]>
              </value>
            </param>
            <param index="3">
              <value>
                <![CDATA[Test#123456]]>
              </value>
            </param>
            <param index="4">
              <value>
                <![CDATA[Tên đăng nhập hoặc mật khẩu không hợp lệ]]>
              </value>
            </param>
            <param index="5">
              <value>
                <![CDATA[Lazada - Login]]>
              </value>
            </param>
            <param index="6">
              <value>
                <![CDATA[Pass]]>
              </value>
            </param>
          </params>
          <reporter-output>
          </reporter-output>
        </test-method> <!-- loginForm -->
        <test-method status="PASS" signature="initMethod()[pri:0, instance:lazadaTest.LazadaTest_Login@5ed828d]" name="initMethod" is-config="true" duration-ms="1314" started-at="2017-12-18T13:41:07Z" finished-at="2017-12-18T13:41:09Z">
          <reporter-output>
          </reporter-output>
        </test-method> <!-- initMethod -->
        <test-method status="PASS" signature="loginForm(java.lang.String, java.lang.String, java.lang.String, java.lang.String, java.lang.String, java.lang.String, java.lang.String)[pri:2, instance:lazadaTest.LazadaTest_Login@5ed828d]" name="loginForm" duration-ms="2709" started-at="2017-12-18T13:41:09Z" data-provider="data" finished-at="2017-12-18T13:41:11Z">
          <params>
            <param index="0">
              <value>
                <![CDATA[ĐN_12]]>
              </value>
            </param>
            <param index="1">
              <value>
                <![CDATA[test.duongntt@gmail.com]]>
              </value>
            </param>
            <param index="2">
              <value>
                <![CDATA[]]>
              </value>
            </param>
            <param index="3">
              <value>
                <![CDATA[123.0]]>
              </value>
            </param>
            <param index="4">
              <value>
                <![CDATA[Tên đăng nhập hoặc mật khẩu không hợp lệ]]>
              </value>
            </param>
            <param index="5">
              <value>
                <![CDATA[Lazada - Login]]>
              </value>
            </param>
            <param index="6">
              <value>
                <![CDATA[Pass]]>
              </value>
            </param>
          </params>
          <reporter-output>
          </reporter-output>
        </test-method> <!-- loginForm -->
        <test-method status="PASS" signature="initMethod()[pri:0, instance:lazadaTest.LazadaTest_Login@5ed828d]" name="initMethod" is-config="true" duration-ms="1052" started-at="2017-12-18T13:41:11Z" finished-at="2017-12-18T13:41:12Z">
          <reporter-output>
          </reporter-output>
        </test-method> <!-- initMethod -->
        <test-method status="PASS" signature="loginForm(java.lang.String, java.lang.String, java.lang.String, java.lang.String, java.lang.String, java.lang.String, java.lang.String)[pri:2, instance:lazadaTest.LazadaTest_Login@5ed828d]" name="loginForm" duration-ms="2693" started-at="2017-12-18T13:41:12Z" data-provider="data" finished-at="2017-12-18T13:41:15Z">
          <params>
            <param index="0">
              <value>
                <![CDATA[ĐN_13]]>
              </value>
            </param>
            <param index="1">
              <value>
                <![CDATA[test3.duongntt@hotmail.com]]>
              </value>
            </param>
            <param index="2">
              <value>
                <![CDATA[]]>
              </value>
            </param>
            <param index="3">
              <value>
                <![CDATA[abc123]]>
              </value>
            </param>
            <param index="4">
              <value>
                <![CDATA[Tên đăng nhập hoặc mật khẩu không hợp lệ]]>
              </value>
            </param>
            <param index="5">
              <value>
                <![CDATA[Lazada - Login]]>
              </value>
            </param>
            <param index="6">
              <value>
                <![CDATA[Pass]]>
              </value>
            </param>
          </params>
          <reporter-output>
          </reporter-output>
        </test-method> <!-- loginForm -->
        <test-method status="PASS" signature="initMethod()[pri:0, instance:lazadaTest.LazadaTest_Login@5ed828d]" name="initMethod" is-config="true" duration-ms="906" started-at="2017-12-18T13:41:15Z" finished-at="2017-12-18T13:41:16Z">
          <reporter-output>
          </reporter-output>
        </test-method> <!-- initMethod -->
        <test-method status="PASS" signature="loginForm(java.lang.String, java.lang.String, java.lang.String, java.lang.String, java.lang.String, java.lang.String, java.lang.String)[pri:2, instance:lazadaTest.LazadaTest_Login@5ed828d]" name="loginForm" duration-ms="2390" started-at="2017-12-18T13:41:16Z" data-provider="data" finished-at="2017-12-18T13:41:18Z">
          <params>
            <param index="0">
              <value>
                <![CDATA[ĐN_14]]>
              </value>
            </param>
            <param index="1">
              <value>
                <![CDATA[duongntt_d8cnpm@epu.edu.vn]]>
              </value>
            </param>
            <param index="2">
              <value>
                <![CDATA[]]>
              </value>
            </param>
            <param index="3">
              <value>
                <![CDATA[Test#123456]]>
              </value>
            </param>
            <param index="4">
              <value>
                <![CDATA[Tên đăng nhập hoặc mật khẩu không hợp lệ]]>
              </value>
            </param>
            <param index="5">
              <value>
                <![CDATA[Lazada - Login]]>
              </value>
            </param>
            <param index="6">
              <value>
                <![CDATA[Pass]]>
              </value>
            </param>
          </params>
          <reporter-output>
          </reporter-output>
        </test-method> <!-- loginForm -->
        <test-method status="PASS" signature="initMethod()[pri:0, instance:lazadaTest.LazadaTest_Login@5ed828d]" name="initMethod" is-config="true" duration-ms="1380" started-at="2017-12-18T13:41:18Z" finished-at="2017-12-18T13:41:20Z">
          <reporter-output>
          </reporter-output>
        </test-method> <!-- initMethod -->
        <test-method status="PASS" signature="loginForm(java.lang.String, java.lang.String, java.lang.String, java.lang.String, java.lang.String, java.lang.String, java.lang.String)[pri:2, instance:lazadaTest.LazadaTest_Login@5ed828d]" name="loginForm" duration-ms="4604" started-at="2017-12-18T13:41:20Z" data-provider="data" finished-at="2017-12-18T13:41:24Z">
          <params>
            <param index="0">
              <value>
                <![CDATA[ĐN_15]]>
              </value>
            </param>
            <param index="1">
              <value>
                <![CDATA[test3.duongntt@gmail.com]]>
              </value>
            </param>
            <param index="2">
              <value>
                <![CDATA[]]>
              </value>
            </param>
            <param index="3">
              <value>
                <![CDATA[Test#123456]]>
              </value>
            </param>
            <param index="4">
              <value>
                <![CDATA[]]>
              </value>
            </param>
            <param index="5">
              <value>
                <![CDATA[Lazada - My account]]>
              </value>
            </param>
            <param index="6">
              <value>
                <![CDATA[Pass]]>
              </value>
            </param>
          </params>
          <reporter-output>
          </reporter-output>
        </test-method> <!-- loginForm -->
        <test-method status="PASS" signature="initMethod()[pri:0, instance:lazadaTest.LazadaTest_Login@5ed828d]" name="initMethod" is-config="true" duration-ms="1339" started-at="2017-12-18T13:41:24Z" finished-at="2017-12-18T13:41:26Z">
          <reporter-output>
          </reporter-output>
        </test-method> <!-- initMethod -->
        <test-method status="PASS" signature="loginWithGoogleOrFacebook(java.lang.String, java.lang.String, java.lang.String, java.lang.String, java.lang.String, java.lang.String)[pri:3, instance:lazadaTest.LazadaTest_Login@5ed828d]" name="loginWithGoogleOrFacebook" duration-ms="1" started-at="2017-12-18T13:41:26Z" data-provider="data" finished-at="2017-12-18T13:41:26Z">
          <params>
            <param index="0">
              <value>
                <![CDATA[ĐN_18]]>
              </value>
            </param>
            <param index="1">
              <value>
                <![CDATA[Google+]]>
              </value>
            </param>
            <param index="2">
              <value>
                <![CDATA[test2.duongntt@gmail.com]]>
              </value>
            </param>
            <param index="3">
              <value>
                <![CDATA[Test#123456]]>
              </value>
            </param>
            <param index="4">
              <value>
                <![CDATA[Lazada - My account]]>
              </value>
            </param>
            <param index="5">
              <value>
                <![CDATA[]]>
              </value>
            </param>
          </params>
          <reporter-output>
          </reporter-output>
        </test-method> <!-- loginWithGoogleOrFacebook -->
        <test-method status="PASS" signature="initMethod()[pri:0, instance:lazadaTest.LazadaTest_Login@5ed828d]" name="initMethod" is-config="true" duration-ms="3322" started-at="2017-12-18T13:41:26Z" finished-at="2017-12-18T13:41:29Z">
          <reporter-output>
          </reporter-output>
        </test-method> <!-- initMethod -->
        <test-method status="PASS" signature="loginWithGoogleOrFacebook(java.lang.String, java.lang.String, java.lang.String, java.lang.String, java.lang.String, java.lang.String)[pri:3, instance:lazadaTest.LazadaTest_Login@5ed828d]" name="loginWithGoogleOrFacebook" duration-ms="1" started-at="2017-12-18T13:41:29Z" data-provider="data" finished-at="2017-12-18T13:41:29Z">
          <params>
            <param index="0">
              <value>
                <![CDATA[ĐN_19]]>
              </value>
            </param>
            <param index="1">
              <value>
                <![CDATA[Facebook]]>
              </value>
            </param>
            <param index="2">
              <value>
                <![CDATA[test2.duongntt@gmail.com]]>
              </value>
            </param>
            <param index="3">
              <value>
                <![CDATA[Test#123456]]>
              </value>
            </param>
            <param index="4">
              <value>
                <![CDATA[Lazada - My account]]>
              </value>
            </param>
            <param index="5">
              <value>
                <![CDATA[]]>
              </value>
            </param>
          </params>
          <reporter-output>
          </reporter-output>
        </test-method> <!-- loginWithGoogleOrFacebook -->
        <test-method status="PASS" signature="finishTest()[pri:0, instance:lazadaTest.LazadaTest_Login@5ed828d]" name="finishTest" is-config="true" duration-ms="1216" started-at="2017-12-18T13:41:29Z" finished-at="2017-12-18T13:41:30Z">
          <reporter-output>
          </reporter-output>
        </test-method> <!-- finishTest -->
      </class> <!-- lazadaTest.LazadaTest_Login -->
    </test> <!-- Default test -->
  </suite> <!-- Default suite -->
</testng-results>
